<?xml version="1.0" encoding="UTF-8"?>
<testng-results ignored="0" total="2" passed="2" failed="0" skipped="0">
  <reporter-output>
  </reporter-output>
  <suite started-at="2021-02-11T12:11:14 IST" name="Default suite" finished-at="2021-02-11T12:11:50 IST" duration-ms="35331">
    <groups>
      <group name="cucumber">
        <method signature="AbstractTestNGCucumberTests.runScenario(io.cucumber.testng.PickleWrapper, io.cucumber.testng.FeatureWrapper)[pri:0, instance:com.ui.testrunners.FailedRun@550ee7e5]" name="runScenario" class="io.cucumber.testng.AbstractTestNGCucumberTests"/>
      </group> <!-- cucumber -->
    </groups>
    <test started-at="2021-02-11T12:11:14 IST" name="Default test" finished-at="2021-02-11T12:11:50 IST" duration-ms="35331">
      <class name="com.ui.testrunners.FailedRun">
        <test-method is-config="true" signature="setUpClass()[pri:0, instance:com.ui.testrunners.FailedRun@550ee7e5]" started-at="2021-02-11T12:11:14 IST" name="setUpClass" finished-at="2021-02-11T12:11:15 IST" duration-ms="589" status="PASS">
          <reporter-output>
          </reporter-output>
        </test-method> <!-- setUpClass -->
        <test-method signature="runScenario(io.cucumber.testng.PickleWrapper, io.cucumber.testng.FeatureWrapper)[pri:0, instance:com.ui.testrunners.FailedRun@550ee7e5]" started-at="2021-02-11T12:11:15 IST" name="runScenario" description="Runs Cucumber Scenarios" data-provider="scenarios" finished-at="2021-02-11T12:11:34 IST" duration-ms="18439" status="PASS">
          <params>
            <param index="0">
              <value>
                <![CDATA["Successful Login with Valid Credentials"]]>
              </value>
            </param>
            <param index="1">
              <value>
                <![CDATA["Optional[Login Action]"]]>
              </value>
            </param>
          </params>
          <reporter-output>
          </reporter-output>
        </test-method> <!-- runScenario -->
        <test-method signature="runScenario(io.cucumber.testng.PickleWrapper, io.cucumber.testng.FeatureWrapper)[pri:0, instance:com.ui.testrunners.FailedRun@550ee7e5]" started-at="2021-02-11T12:11:34 IST" name="runScenario" description="Runs Cucumber Scenarios" data-provider="scenarios" finished-at="2021-02-11T12:11:50 IST" duration-ms="16192" status="PASS">
          <params>
            <param index="0">
              <value>
                <![CDATA["Login with InValid Credentials"]]>
              </value>
            </param>
            <param index="1">
              <value>
                <![CDATA["Optional[Login Action]"]]>
              </value>
            </param>
          </params>
          <reporter-output>
          </reporter-output>
        </test-method> <!-- runScenario -->
        <test-method is-config="true" signature="tearDownClass()[pri:0, instance:com.ui.testrunners.FailedRun@550ee7e5]" started-at="2021-02-11T12:11:50 IST" name="tearDownClass" finished-at="2021-02-11T12:11:50 IST" duration-ms="27" status="PASS">
          <reporter-output>
          </reporter-output>
        </test-method> <!-- tearDownClass -->
      </class> <!-- com.ui.testrunners.FailedRun -->
    </test> <!-- Default test -->
  </suite> <!-- Default suite -->
</testng-results>
