<?xml version="1.0" encoding="UTF-8"?>
<testng-results ignored="0" total="2" passed="2" failed="0" skipped="0">
  <reporter-output>
  </reporter-output>
  <suite started-at="2021-02-11T10:35:53 IST" name="Default suite" finished-at="2021-02-11T10:36:11 IST" duration-ms="18200">
    <groups>
      <group name="cucumber">
        <method signature="AbstractTestNGCucumberTests.runScenario(io.cucumber.testng.PickleWrapper, io.cucumber.testng.FeatureWrapper)[pri:0, instance:com.ui.testrunners.TestRunner@446293d]" name="runScenario" class="io.cucumber.testng.AbstractTestNGCucumberTests"/>
      </group> <!-- cucumber -->
    </groups>
    <test started-at="2021-02-11T10:35:53 IST" name="Default test" finished-at="2021-02-11T10:36:11 IST" duration-ms="18200">
      <class name="com.ui.testrunners.TestRunner">
        <test-method is-config="true" signature="setUpClass()[pri:0, instance:com.ui.testrunners.TestRunner@446293d]" started-at="2021-02-11T10:35:53 IST" name="setUpClass" finished-at="2021-02-11T10:35:53 IST" duration-ms="528" status="PASS">
          <reporter-output>
          </reporter-output>
        </test-method> <!-- setUpClass -->
        <test-method signature="runScenario(io.cucumber.testng.PickleWrapper, io.cucumber.testng.FeatureWrapper)[pri:0, instance:com.ui.testrunners.TestRunner@446293d]" started-at="2021-02-11T10:35:54 IST" name="runScenario" description="Runs Cucumber Scenarios" data-provider="scenarios" finished-at="2021-02-11T10:36:11 IST" duration-ms="17570" status="PASS">
          <params>
            <param index="0">
              <value>
                <![CDATA["Successful Login with Valid Credentials"]]>
              </value>
            </param>
            <param index="1">
              <value>
                <![CDATA["Optional[Login Action]"]]>
              </value>
            </param>
          </params>
          <reporter-output>
          </reporter-output>
        </test-method> <!-- runScenario -->
        <test-method signature="f()[pri:0, instance:com.ui.testrunners.TestRunner@446293d]" started-at="2021-02-11T10:36:11 IST" name="f" finished-at="2021-02-11T10:36:11 IST" duration-ms="3" status="PASS">
          <reporter-output>
          </reporter-output>
        </test-method> <!-- f -->
        <test-method is-config="true" signature="tearDownClass()[pri:0, instance:com.ui.testrunners.TestRunner@446293d]" started-at="2021-02-11T10:36:11 IST" name="tearDownClass" finished-at="2021-02-11T10:36:11 IST" duration-ms="20" status="PASS">
          <reporter-output>
          </reporter-output>
        </test-method> <!-- tearDownClass -->
      </class> <!-- com.ui.testrunners.TestRunner -->
    </test> <!-- Default test -->
  </suite> <!-- Default suite -->
</testng-results>
